time="2024-03-14T21:04:20+08:00" level=info msg="InitLogger done." func=protocolgo/src/utils.InitLogger file="D:/workspace/code/github/protocolgo/src/utils/log.go:71" LogLevel=info
time="2024-03-14T21:05:09+08:00" level=info msg="InitLogger done." func=protocolgo/src/utils.InitLogger file="D:/workspace/code/github/protocolgo/src/utils/log.go:73" LogLevel=info
time="2024-03-14T21:05:45+08:00" level=info msg="Open xml file." func="protocolgo/src/gui.(*StApp).CreateMenuItem.func2.1" file="D:/workspace/code/github/protocolgo/src/gui/mainwindow.go:58" file path="D:/workspace/code/github/protocolgo/data/protocol.xml"
time="2024-03-14T21:16:59+08:00" level=info msg="InitLogger done." func=protocolgo/src/utils.InitLogger file="D:/workspace/code/github/protocolgo/src/utils/log.go:73" LogLevel=info
time="2024-03-14T21:17:44+08:00" level=info msg="InitLogger done." func=protocolgo/src/utils.InitLogger file="D:/workspace/code/github/protocolgo/src/utils/log.go:73" LogLevel=info
time="2024-03-14T21:21:31+08:00" level=info msg="InitLogger done." func=protocolgo/src/utils.InitLogger file="D:/workspace/code/github/protocolgo/src/utils/log.go:73" LogLevel=info
time="2024-03-14T21:22:14+08:00" level=info msg="InitLogger done." func=protocolgo/src/utils.InitLogger file="D:/workspace/code/github/protocolgo/src/utils/log.go:73" LogLevel=info
time="2024-03-14T21:22:43+08:00" level=info msg="InitLogger done." func=protocolgo/src/utils.InitLogger file="D:/workspace/code/github/protocolgo/src/utils/log.go:73" LogLevel=info
time="2024-03-14T21:23:07+08:00" level=info msg="InitLogger done." func=protocolgo/src/utils.InitLogger file="D:/workspace/code/github/protocolgo/src/utils/log.go:73" LogLevel=info
time="2024-03-15T14:22:15+08:00" level=info msg="InitLogger done." func=protocolgo/src/utils.InitLogger file="D:/workspace/code/github/protocolgo/src/utils/log.go:73" LogLevel=info
time="2024-03-15T14:22:40+08:00" level=info msg="ReadXmlFromFile done." func="protocolgo/src/logic.(*CoreManager).ReadXmlFromFile" file="D:/workspace/code/github/protocolgo/src/logic/coremanager.go:36"
time="2024-03-15T14:22:40+08:00" level=info msg="Open xml file.file path:D:/workspace/code/github/protocolgo/data/protocol.xml" func="protocolgo/src/gui.(*StApp).CreateMenuItem.func2.1" file="D:/workspace/code/github/protocolgo/src/gui/mainwindow.go:73"
time="2024-03-15T14:38:59+08:00" level=info msg="InitLogger done." func=protocolgo/src/utils.InitLogger file="D:/workspace/code/github/protocolgo/src/utils/log.go:73" LogLevel=info
time="2024-03-15T14:39:19+08:00" level=info msg="CloseCurrXmlFile done." func="protocolgo/src/logic.(*CoreManager).SetCurrXmlFilePath" file="D:/workspace/code/github/protocolgo/src/logic/coremanager.go:61" currFilePath="D:/workspace/code/github/protocolgo/data/protocol.xml"
time="2024-03-15T14:39:19+08:00" level=info msg="ReadXmlFromFile done." func="protocolgo/src/logic.(*CoreManager).ReadXmlFromFile" file="D:/workspace/code/github/protocolgo/src/logic/coremanager.go:37"
time="2024-03-15T14:39:19+08:00" level=info msg="Open xml file done.file path:D:/workspace/code/github/protocolgo/data/protocol.xml" func="protocolgo/src/gui.(*StApp).CreateMenuItem.func2.1" file="D:/workspace/code/github/protocolgo/src/gui/mainwindow.go:72"
time="2024-03-15T14:41:15+08:00" level=info msg="CloseCurrXmlFile done." func="protocolgo/src/logic.(*CoreManager).SetCurrXmlFilePath" file="D:/workspace/code/github/protocolgo/src/logic/coremanager.go:61" currFilePath="D:/workspace/code/github/protocolgo/data/protocolgo.xml"
time="2024-03-15T14:41:15+08:00" level=warning msg="SaveToXmlFile failed. invalid param." func="protocolgo/src/logic.(*CoreManager).SaveToXmlFile" file="D:/workspace/code/github/protocolgo/src/logic/coremanager.go:42"
time="2024-03-15T14:41:15+08:00" level=info msg="CreateNewXml done." func="protocolgo/src/logic.(*CoreManager).CreateNewXml" file="D:/workspace/code/github/protocolgo/src/logic/coremanager.go:25"
time="2024-03-15T14:42:36+08:00" level=info msg="InitLogger done." func=protocolgo/src/utils.InitLogger file="D:/workspace/code/github/protocolgo/src/utils/log.go:73" LogLevel=info
time="2024-03-15T14:43:05+08:00" level=warning msg="CloseCurrXmlFile failed. Stapp.DocEtree is nil." func="protocolgo/src/logic.(*CoreManager).CloseCurrXmlFile" file="D:/workspace/code/github/protocolgo/src/logic/coremanager.go:51"
time="2024-03-15T14:43:05+08:00" level=info msg="SetCurrXmlFilePath done.currFilePath:D:/workspace/code/github/protocolgo/data/protocolgo.xml" func="protocolgo/src/logic.(*CoreManager).SetCurrXmlFilePath" file="D:/workspace/code/github/protocolgo/src/logic/coremanager.go:62"
time="2024-03-15T14:43:05+08:00" level=warning msg="SaveToXmlFile failed. invalid param. Stapp.XmlFilePath:D:/workspace/code/github/protocolgo/data/protocolgo.xml" func="protocolgo/src/logic.(*CoreManager).SaveToXmlFile" file="D:/workspace/code/github/protocolgo/src/logic/coremanager.go:42"
time="2024-03-15T14:43:05+08:00" level=info msg="CreateNewXml done." func="protocolgo/src/logic.(*CoreManager).CreateNewXml" file="D:/workspace/code/github/protocolgo/src/logic/coremanager.go:25"
time="2024-03-15T14:44:48+08:00" level=info msg="InitLogger done." func=protocolgo/src/utils.InitLogger file="D:/workspace/code/github/protocolgo/src/utils/log.go:73" LogLevel=info
time="2024-03-15T14:45:11+08:00" level=warning msg="CloseCurrXmlFile failed. Stapp.DocEtree is nil." func="protocolgo/src/logic.(*CoreManager).CloseCurrXmlFile" file="D:/workspace/code/github/protocolgo/src/logic/coremanager.go:51"
time="2024-03-15T14:45:11+08:00" level=info msg="SetCurrXmlFilePath done.currFilePath:D:/workspace/code/github/protocolgo/data/protocolgo.xml" func="protocolgo/src/logic.(*CoreManager).SetCurrXmlFilePath" file="D:/workspace/code/github/protocolgo/src/logic/coremanager.go:62"
time="2024-03-15T14:45:11+08:00" level=info msg="SaveToXmlFile done. XmlFilePath:D:/workspace/code/github/protocolgo/data/protocolgo.xml" func="protocolgo/src/logic.(*CoreManager).SaveToXmlFile" file="D:/workspace/code/github/protocolgo/src/logic/coremanager.go:46"
time="2024-03-15T14:45:11+08:00" level=info msg="CreateNewXml done." func="protocolgo/src/logic.(*CoreManager).CreateNewXml" file="D:/workspace/code/github/protocolgo/src/logic/coremanager.go:25"
time="2024-03-15T14:49:10+08:00" level=info msg="InitLogger done." func=protocolgo/src/utils.InitLogger file="D:/workspace/code/github/protocolgo/src/utils/log.go:73" LogLevel=info
time="2024-03-15T14:49:14+08:00" level=warning msg="SaveToXmlFile failed. invalid param. Stapp.XmlFilePath:" func="protocolgo/src/logic.(*CoreManager).SaveToXmlFile" file="D:/workspace/code/github/protocolgo/src/logic/coremanager.go:42"
time="2024-03-15T14:51:11+08:00" level=info msg="InitLogger done." func=protocolgo/src/utils.InitLogger file="D:/workspace/code/github/protocolgo/src/utils/log.go:73" LogLevel=info
time="2024-03-15T14:51:16+08:00" level=warning msg="SaveToXmlFile failed. invalid param. Stapp.XmlFilePath:" func="protocolgo/src/logic.(*CoreManager).SaveToXmlFile" file="D:/workspace/code/github/protocolgo/src/logic/coremanager.go:42"
time="2024-03-15T14:51:23+08:00" level=warning msg="SaveToXmlFile failed. invalid param. Stapp.XmlFilePath:" func="protocolgo/src/logic.(*CoreManager).SaveToXmlFile" file="D:/workspace/code/github/protocolgo/src/logic/coremanager.go:42"
